c:\users\tini\desktop\sdl 2d game\componentframework19.1.2\sdl_project\debug\vc142.pdb
c:\users\tini\desktop\sdl 2d game\componentframework19.1.2\sdl_project\debug\vc142.idb
c:\users\tini\desktop\sdl 2d game\componentframework19.1.2\sdl_project\debug\window.obj
c:\users\tini\desktop\sdl 2d game\componentframework19.1.2\sdl_project\debug\vmath.obj
c:\users\tini\desktop\sdl 2d game\componentframework19.1.2\sdl_project\debug\timer.obj
c:\users\tini\desktop\sdl 2d game\componentframework19.1.2\sdl_project\debug\tile.obj
c:\users\tini\desktop\sdl 2d game\componentframework19.1.2\sdl_project\debug\scene3.obj
c:\users\tini\desktop\sdl 2d game\componentframework19.1.2\sdl_project\debug\scene2.obj
c:\users\tini\desktop\sdl 2d game\componentframework19.1.2\sdl_project\debug\scene1.obj
c:\users\tini\desktop\sdl 2d game\componentframework19.1.2\sdl_project\debug\scene0.obj
c:\users\tini\desktop\sdl 2d game\componentframework19.1.2\sdl_project\debug\player.obj
c:\users\tini\desktop\sdl 2d game\componentframework19.1.2\sdl_project\debug\mmath.obj
c:\users\tini\desktop\sdl 2d game\componentframework19.1.2\sdl_project\debug\map2.obj
c:\users\tini\desktop\sdl 2d game\componentframework19.1.2\sdl_project\debug\main.obj
c:\users\tini\desktop\sdl 2d game\componentframework19.1.2\sdl_project\debug\jetski.obj
c:\users\tini\desktop\sdl 2d game\componentframework19.1.2\sdl_project\debug\gamemanager.obj
c:\users\tini\desktop\sdl 2d game\componentframework19.1.2\sdl_project\debug\collision.obj
c:\users\tini\desktop\sdl 2d game\componentframework19.1.2\sdl_project\debug\body.obj
c:\users\tini\desktop\sdl 2d game\componentframework19.1.2\sdl_project\debug\base.obj
c:\users\tini\desktop\sdl 2d game\componentframework19.1.2\sdl_project\debug\ball.obj
c:\users\tini\desktop\sdl 2d game\componentframework19.1.2\sdl_project\debug\realplayer.obj
c:\users\tini\desktop\sdl 2d game\sdl 2d game\componentframework19.1.2\sdl_project\debug\vc142.pdb
c:\users\tini\desktop\sdl 2d game\sdl 2d game\componentframework19.1.2\sdl_project\debug\vc142.idb
c:\users\tini\desktop\sdl 2d game\sdl 2d game\componentframework19.1.2\sdl_project\debug\window.obj
c:\users\tini\desktop\sdl 2d game\sdl 2d game\componentframework19.1.2\sdl_project\debug\vmath.obj
c:\users\tini\desktop\sdl 2d game\sdl 2d game\componentframework19.1.2\sdl_project\debug\timer.obj
c:\users\tini\desktop\sdl 2d game\sdl 2d game\componentframework19.1.2\sdl_project\debug\tile.obj
c:\users\tini\desktop\sdl 2d game\sdl 2d game\componentframework19.1.2\sdl_project\debug\scene3.obj
c:\users\tini\desktop\sdl 2d game\sdl 2d game\componentframework19.1.2\sdl_project\debug\scene2.obj
c:\users\tini\desktop\sdl 2d game\sdl 2d game\componentframework19.1.2\sdl_project\debug\scene1.obj
c:\users\tini\desktop\sdl 2d game\sdl 2d game\componentframework19.1.2\sdl_project\debug\scene0.obj
c:\users\tini\desktop\sdl 2d game\sdl 2d game\componentframework19.1.2\sdl_project\debug\realplayer.obj
c:\users\tini\desktop\sdl 2d game\sdl 2d game\componentframework19.1.2\sdl_project\debug\player.obj
c:\users\tini\desktop\sdl 2d game\sdl 2d game\componentframework19.1.2\sdl_project\debug\mmath.obj
c:\users\tini\desktop\sdl 2d game\sdl 2d game\componentframework19.1.2\sdl_project\debug\map2.obj
c:\users\tini\desktop\sdl 2d game\sdl 2d game\componentframework19.1.2\sdl_project\debug\main.obj
c:\users\tini\desktop\sdl 2d game\sdl 2d game\componentframework19.1.2\sdl_project\debug\jetski.obj
c:\users\tini\desktop\sdl 2d game\sdl 2d game\componentframework19.1.2\sdl_project\debug\gamemanager.obj
c:\users\tini\desktop\sdl 2d game\sdl 2d game\componentframework19.1.2\sdl_project\debug\collision.obj
c:\users\tini\desktop\sdl 2d game\sdl 2d game\componentframework19.1.2\sdl_project\debug\body.obj
c:\users\tini\desktop\sdl 2d game\sdl 2d game\componentframework19.1.2\sdl_project\debug\base.obj
c:\users\tini\desktop\sdl 2d game\sdl 2d game\componentframework19.1.2\sdl_project\debug\ball.obj
c:\users\tini\desktop\sdl 2d game\componentframework19.1.2\debug\sdl_project.exe
c:\users\tini\desktop\sdl 2d game\componentframework19.1.2\debug\sdl_project.ilk
c:\users\tini\desktop\sdl 2d game\componentframework19.1.2\debug\sdl_project.pdb
c:\users\tini\desktop\sdl 2d game\sdl 2d game\componentframework19.1.2\debug\sdl_project.ilk
c:\users\tini\desktop\sdl 2d game\sdl 2d game\componentframework19.1.2\debug\sdl_project.exe
c:\users\tini\desktop\sdl 2d game\sdl 2d game\componentframework19.1.2\debug\sdl_project.pdb
c:\users\tini\desktop\sdl 2d game\sdl 2d game\componentframework19.1.2\sdl_project\debug\sdl_project.tlog\cl.command.1.tlog
c:\users\tini\desktop\sdl 2d game\sdl 2d game\componentframework19.1.2\sdl_project\debug\sdl_project.tlog\cl.read.1.tlog
c:\users\tini\desktop\sdl 2d game\sdl 2d game\componentframework19.1.2\sdl_project\debug\sdl_project.tlog\cl.write.1.tlog
c:\users\tini\desktop\sdl 2d game\sdl 2d game\componentframework19.1.2\sdl_project\debug\sdl_project.tlog\link.command.1.tlog
c:\users\tini\desktop\sdl 2d game\sdl 2d game\componentframework19.1.2\sdl_project\debug\sdl_project.tlog\link.read.1.tlog
c:\users\tini\desktop\sdl 2d game\sdl 2d game\componentframework19.1.2\sdl_project\debug\sdl_project.tlog\link.write.1.tlog
